<?xml version="1.0" encoding="UTF-8"?>
<testng-results skipped="0" failed="0" ignored="0" total="1" passed="1">
  <reporter-output>
  </reporter-output>
  <suite name="Default suite" duration-ms="24229" started-at="2020-09-01T14:36:08 IST" finished-at="2020-09-01T14:36:33 IST">
    <groups>
    </groups>
    <test name="Default test" duration-ms="24229" started-at="2020-09-01T14:36:08 IST" finished-at="2020-09-01T14:36:33 IST">
      <class name="docker.LaunchChrome">
        <test-method status="PASS" signature="main()[pri:0, instance:docker.LaunchChrome@887af79]" name="main" duration-ms="24150" started-at="2020-09-01T14:36:09 IST" finished-at="2020-09-01T14:36:33 IST">
          <reporter-output>
          </reporter-output>
        </test-method> <!-- main -->
      </class> <!-- docker.LaunchChrome -->
    </test> <!-- Default test -->
  </suite> <!-- Default suite -->
</testng-results>
